[0.011s] Invoking command in '/home/shreyas/ros2_ws/build/my_robot_description': CMAKE_PREFIX_PATH=${CMAKE_PREFIX_PATH}:/opt/ros/humble /usr/bin/cmake --build /home/shreyas/ros2_ws/build/my_robot_description -- -j8 -l8
[0.042s] Invoked command in '/home/shreyas/ros2_ws/build/my_robot_description' returned '0': CMAKE_PREFIX_PATH=${CMAKE_PREFIX_PATH}:/opt/ros/humble /usr/bin/cmake --build /home/shreyas/ros2_ws/build/my_robot_description -- -j8 -l8
[0.051s] Invoking command in '/home/shreyas/ros2_ws/build/my_robot_description': CMAKE_PREFIX_PATH=${CMAKE_PREFIX_PATH}:/opt/ros/humble /usr/bin/cmake --install /home/shreyas/ros2_ws/build/my_robot_description
[0.058s] -- Install configuration: ""
[0.058s] -- Execute custom install script
[0.059s] -- Up-to-date symlink: /home/shreyas/ros2_ws/install/my_robot_description/share/my_robot_description//urdf/arm.xacro
[0.059s] -- Up-to-date symlink: /home/shreyas/ros2_ws/install/my_robot_description/share/my_robot_description//urdf/arm_gazebo.xacro
[0.059s] -- Up-to-date symlink: /home/shreyas/ros2_ws/install/my_robot_description/share/my_robot_description//urdf/camera.xacro
[0.059s] -- Up-to-date symlink: /home/shreyas/ros2_ws/install/my_robot_description/share/my_robot_description//urdf/common_properties.xacro
[0.059s] -- Up-to-date symlink: /home/shreyas/ros2_ws/install/my_robot_description/share/my_robot_description//urdf/hruh.xacro
[0.059s] -- Up-to-date symlink: /home/shreyas/ros2_ws/install/my_robot_description/share/my_robot_description//urdf/mobile_base.xacro
[0.060s] -- Up-to-date symlink: /home/shreyas/ros2_ws/install/my_robot_description/share/my_robot_description//urdf/mobile_base_gazebo.xacro
[0.060s] -- Up-to-date symlink: /home/shreyas/ros2_ws/install/my_robot_description/share/my_robot_description//urdf/my_robot.urdf.xacro
[0.060s] -- Up-to-date symlink: /home/shreyas/ros2_ws/install/my_robot_description/share/my_robot_description//launch/display.launch.py
[0.060s] -- Up-to-date symlink: /home/shreyas/ros2_ws/install/my_robot_description/share/my_robot_description//launch/display.launch.xml
[0.060s] -- Up-to-date symlink: /home/shreyas/ros2_ws/install/my_robot_description/share/my_robot_description//launch/my_robot.launch.py
[0.060s] -- Up-to-date symlink: /home/shreyas/ros2_ws/install/my_robot_description/share/my_robot_description//launch/my_robot.launch.xml
[0.060s] -- Up-to-date symlink: /home/shreyas/ros2_ws/install/my_robot_description/share/my_robot_description//launch/sim.launch.py
[0.060s] -- Up-to-date symlink: /home/shreyas/ros2_ws/install/my_robot_description/share/my_robot_description//rviz/urdf_config.rviz
[0.061s] -- Up-to-date symlink: /home/shreyas/ros2_ws/install/my_robot_description/share/my_robot_description//worlds/my_world.sdf
[0.061s] -- Up-to-date symlink: /home/shreyas/ros2_ws/install/my_robot_description/share/my_robot_description//worlds/my_world.world
[0.061s] -- Up-to-date symlink: /home/shreyas/ros2_ws/install/my_robot_description/share/my_robot_description//config/controllers.yaml
[0.062s] -- Up-to-date symlink: /home/shreyas/ros2_ws/install/my_robot_description/share/my_robot_description//meshes/chest/chest.stl
[0.062s] -- Up-to-date symlink: /home/shreyas/ros2_ws/install/my_robot_description/share/my_robot_description//meshes/head/Head_jaw.stl
[0.062s] -- Up-to-date symlink: /home/shreyas/ros2_ws/install/my_robot_description/share/my_robot_description//meshes/head/head.stl
[0.062s] -- Up-to-date symlink: /home/shreyas/ros2_ws/install/my_robot_description/share/my_robot_description//meshes/head/head_cover.stl
[0.062s] -- Up-to-date symlink: /home/shreyas/ros2_ws/install/my_robot_description/share/my_robot_description//meshes/head/head_neck_cover.stl
[0.062s] -- Up-to-date symlink: /home/shreyas/ros2_ws/install/my_robot_description/share/my_robot_description//meshes/head/head_uper_skeliton.stl
[0.063s] -- Up-to-date symlink: /home/shreyas/ros2_ws/install/my_robot_description/share/my_robot_description//meshes/left_arm/Left_bisecp_uper.stl
[0.063s] -- Up-to-date symlink: /home/shreyas/ros2_ws/install/my_robot_description/share/my_robot_description//meshes/left_arm/Left_elbow_outword.stl
[0.063s] -- Up-to-date symlink: /home/shreyas/ros2_ws/install/my_robot_description/share/my_robot_description//meshes/left_arm/Left_forarm_internal_support.stl
[0.063s] -- Up-to-date symlink: /home/shreyas/ros2_ws/install/my_robot_description/share/my_robot_description//meshes/left_arm/Left_forarm_lower_1.stl
[0.063s] -- Up-to-date symlink: /home/shreyas/ros2_ws/install/my_robot_description/share/my_robot_description//meshes/left_arm/left_Bisecp_lower.stl
[0.063s] -- Up-to-date symlink: /home/shreyas/ros2_ws/install/my_robot_description/share/my_robot_description//meshes/left_arm/left_S_to_Bisecp.stl
[0.063s] -- Up-to-date symlink: /home/shreyas/ros2_ws/install/my_robot_description/share/my_robot_description//meshes/left_arm/left_S_to_C.stl
[0.063s] -- Up-to-date symlink: /home/shreyas/ros2_ws/install/my_robot_description/share/my_robot_description//meshes/left_arm/left_elbow_inword.stl
[0.063s] -- Up-to-date symlink: /home/shreyas/ros2_ws/install/my_robot_description/share/my_robot_description//meshes/left_arm/left_elbow_midle.stl
[0.064s] -- Up-to-date symlink: /home/shreyas/ros2_ws/install/my_robot_description/share/my_robot_description//meshes/left_arm/left_elbow_to_forarm_upper.stl
[0.064s] -- Up-to-date symlink: /home/shreyas/ros2_ws/install/my_robot_description/share/my_robot_description//meshes/left_arm/left_finger1_lower.stl
[0.064s] -- Up-to-date symlink: /home/shreyas/ros2_ws/install/my_robot_description/share/my_robot_description//meshes/left_arm/left_finger1_middle.stl
[0.064s] -- Up-to-date symlink: /home/shreyas/ros2_ws/install/my_robot_description/share/my_robot_description//meshes/left_arm/left_finger1_upper.stl
[0.064s] -- Up-to-date symlink: /home/shreyas/ros2_ws/install/my_robot_description/share/my_robot_description//meshes/left_arm/left_finger2_lower.stl
[0.064s] -- Up-to-date symlink: /home/shreyas/ros2_ws/install/my_robot_description/share/my_robot_description//meshes/left_arm/left_finger2_middle.stl
[0.064s] -- Up-to-date symlink: /home/shreyas/ros2_ws/install/my_robot_description/share/my_robot_description//meshes/left_arm/left_finger2_upper.stl
[0.064s] -- Up-to-date symlink: /home/shreyas/ros2_ws/install/my_robot_description/share/my_robot_description//meshes/left_arm/left_finger3_lower.stl
[0.065s] -- Up-to-date symlink: /home/shreyas/ros2_ws/install/my_robot_description/share/my_robot_description//meshes/left_arm/left_finger3_middle.stl
[0.065s] -- Up-to-date symlink: /home/shreyas/ros2_ws/install/my_robot_description/share/my_robot_description//meshes/left_arm/left_finger3_upper.stl
[0.065s] -- Up-to-date symlink: /home/shreyas/ros2_ws/install/my_robot_description/share/my_robot_description//meshes/left_arm/left_finger4_lower.stl
[0.065s] -- Up-to-date symlink: /home/shreyas/ros2_ws/install/my_robot_description/share/my_robot_description//meshes/left_arm/left_finger4_middle.stl
[0.065s] -- Up-to-date symlink: /home/shreyas/ros2_ws/install/my_robot_description/share/my_robot_description//meshes/left_arm/left_finger4_upper.stl
[0.065s] -- Up-to-date symlink: /home/shreyas/ros2_ws/install/my_robot_description/share/my_robot_description//meshes/left_arm/left_forarm_cover.stl
[0.065s] -- Up-to-date symlink: /home/shreyas/ros2_ws/install/my_robot_description/share/my_robot_description//meshes/left_arm/left_palm.stl
[0.065s] -- Up-to-date symlink: /home/shreyas/ros2_ws/install/my_robot_description/share/my_robot_description//meshes/left_arm/left_thomb_midle.stl
[0.065s] -- Up-to-date symlink: /home/shreyas/ros2_ws/install/my_robot_description/share/my_robot_description//meshes/left_arm/left_thomb_to_palm.stl
[0.065s] -- Up-to-date symlink: /home/shreyas/ros2_ws/install/my_robot_description/share/my_robot_description//meshes/left_arm/left_thomb_upper.stl
[0.066s] -- Up-to-date symlink: /home/shreyas/ros2_ws/install/my_robot_description/share/my_robot_description//meshes/left_arm/left_wrist.stl
[0.066s] -- Up-to-date symlink: /home/shreyas/ros2_ws/install/my_robot_description/share/my_robot_description//meshes/neck/neck.stl
[0.066s] -- Up-to-date symlink: /home/shreyas/ros2_ws/install/my_robot_description/share/my_robot_description//meshes/right_arm/.stl
[0.066s] -- Up-to-date symlink: /home/shreyas/ros2_ws/install/my_robot_description/share/my_robot_description//meshes/right_arm/right_Bisecp_lower.stl
[0.066s] -- Up-to-date symlink: /home/shreyas/ros2_ws/install/my_robot_description/share/my_robot_description//meshes/right_arm/right_S_to_Bisecp.stl
[0.066s] -- Up-to-date symlink: /home/shreyas/ros2_ws/install/my_robot_description/share/my_robot_description//meshes/right_arm/right_S_to_C.stl
[0.066s] -- Up-to-date symlink: /home/shreyas/ros2_ws/install/my_robot_description/share/my_robot_description//meshes/right_arm/right_bisecp_uper.stl
[0.066s] -- Up-to-date symlink: /home/shreyas/ros2_ws/install/my_robot_description/share/my_robot_description//meshes/right_arm/right_elbow_inword.stl
[0.066s] -- Up-to-date symlink: /home/shreyas/ros2_ws/install/my_robot_description/share/my_robot_description//meshes/right_arm/right_elbow_middle.stl
[0.066s] -- Up-to-date symlink: /home/shreyas/ros2_ws/install/my_robot_description/share/my_robot_description//meshes/right_arm/right_elbow_outword.stl
[0.067s] -- Up-to-date symlink: /home/shreyas/ros2_ws/install/my_robot_description/share/my_robot_description//meshes/right_arm/right_elbow_to_forarm_upper.stl
[0.067s] -- Up-to-date symlink: /home/shreyas/ros2_ws/install/my_robot_description/share/my_robot_description//meshes/right_arm/right_finger1_lower.stl
[0.067s] -- Up-to-date symlink: /home/shreyas/ros2_ws/install/my_robot_description/share/my_robot_description//meshes/right_arm/right_finger1_middle.stl
[0.067s] -- Up-to-date symlink: /home/shreyas/ros2_ws/install/my_robot_description/share/my_robot_description//meshes/right_arm/right_finger1_upper.stl
[0.067s] -- Up-to-date symlink: /home/shreyas/ros2_ws/install/my_robot_description/share/my_robot_description//meshes/right_arm/right_finger2_lower.stl
[0.067s] -- Up-to-date symlink: /home/shreyas/ros2_ws/install/my_robot_description/share/my_robot_description//meshes/right_arm/right_finger2_middle.stl
[0.067s] -- Up-to-date symlink: /home/shreyas/ros2_ws/install/my_robot_description/share/my_robot_description//meshes/right_arm/right_finger2_upper.stl
[0.067s] -- Up-to-date symlink: /home/shreyas/ros2_ws/install/my_robot_description/share/my_robot_description//meshes/right_arm/right_finger3_lower.stl
[0.067s] -- Up-to-date symlink: /home/shreyas/ros2_ws/install/my_robot_description/share/my_robot_description//meshes/right_arm/right_finger3_middle.stl
[0.067s] -- Up-to-date symlink: /home/shreyas/ros2_ws/install/my_robot_description/share/my_robot_description//meshes/right_arm/right_finger3_upper.stl
[0.067s] -- Up-to-date symlink: /home/shreyas/ros2_ws/install/my_robot_description/share/my_robot_description//meshes/right_arm/right_finger4_lower.stl
[0.068s] -- Up-to-date symlink: /home/shreyas/ros2_ws/install/my_robot_description/share/my_robot_description//meshes/right_arm/right_finger4_middle.stl
[0.068s] -- Up-to-date symlink: /home/shreyas/ros2_ws/install/my_robot_description/share/my_robot_description//meshes/right_arm/right_finger4_upper.stl
[0.068s] -- Up-to-date symlink: /home/shreyas/ros2_ws/install/my_robot_description/share/my_robot_description//meshes/right_arm/right_forarm_cover.stl
[0.068s] -- Up-to-date symlink: /home/shreyas/ros2_ws/install/my_robot_description/share/my_robot_description//meshes/right_arm/right_forarm_internal_support.stl
[0.068s] -- Up-to-date symlink: /home/shreyas/ros2_ws/install/my_robot_description/share/my_robot_description//meshes/right_arm/right_forarm_lower_1.stl
[0.068s] -- Up-to-date symlink: /home/shreyas/ros2_ws/install/my_robot_description/share/my_robot_description//meshes/right_arm/right_palm.stl
[0.068s] -- Up-to-date symlink: /home/shreyas/ros2_ws/install/my_robot_description/share/my_robot_description//meshes/right_arm/right_thomb_midle.stl
[0.068s] -- Up-to-date symlink: /home/shreyas/ros2_ws/install/my_robot_description/share/my_robot_description//meshes/right_arm/right_thomb_to_palm.stl
[0.068s] -- Up-to-date symlink: /home/shreyas/ros2_ws/install/my_robot_description/share/my_robot_description//meshes/right_arm/right_thomb_upper.stl
[0.069s] -- Up-to-date symlink: /home/shreyas/ros2_ws/install/my_robot_description/share/my_robot_description//meshes/right_arm/right_wrist.stl
[0.069s] -- Up-to-date symlink: /home/shreyas/ros2_ws/install/my_robot_description/share/ament_index/resource_index/package_run_dependencies/my_robot_description
[0.069s] -- Up-to-date symlink: /home/shreyas/ros2_ws/install/my_robot_description/share/ament_index/resource_index/parent_prefix_path/my_robot_description
[0.069s] -- Up-to-date symlink: /home/shreyas/ros2_ws/install/my_robot_description/share/my_robot_description/environment/ament_prefix_path.sh
[0.069s] -- Up-to-date symlink: /home/shreyas/ros2_ws/install/my_robot_description/share/my_robot_description/environment/ament_prefix_path.dsv
[0.069s] -- Up-to-date symlink: /home/shreyas/ros2_ws/install/my_robot_description/share/my_robot_description/environment/path.sh
[0.069s] -- Up-to-date symlink: /home/shreyas/ros2_ws/install/my_robot_description/share/my_robot_description/environment/path.dsv
[0.070s] -- Up-to-date symlink: /home/shreyas/ros2_ws/install/my_robot_description/share/my_robot_description/local_setup.bash
[0.070s] -- Up-to-date symlink: /home/shreyas/ros2_ws/install/my_robot_description/share/my_robot_description/local_setup.sh
[0.070s] -- Up-to-date symlink: /home/shreyas/ros2_ws/install/my_robot_description/share/my_robot_description/local_setup.zsh
[0.070s] -- Up-to-date symlink: /home/shreyas/ros2_ws/install/my_robot_description/share/my_robot_description/local_setup.dsv
[0.070s] -- Symlinking: /home/shreyas/ros2_ws/install/my_robot_description/share/my_robot_description/package.dsv
[0.078s] -- Up-to-date symlink: /home/shreyas/ros2_ws/install/my_robot_description/share/ament_index/resource_index/packages/my_robot_description
[0.079s] -- Up-to-date symlink: /home/shreyas/ros2_ws/install/my_robot_description/share/my_robot_description/cmake/my_robot_descriptionConfig.cmake
[0.079s] -- Up-to-date symlink: /home/shreyas/ros2_ws/install/my_robot_description/share/my_robot_description/cmake/my_robot_descriptionConfig-version.cmake
[0.079s] -- Up-to-date symlink: /home/shreyas/ros2_ws/install/my_robot_description/share/my_robot_description/package.xml
[0.081s] Invoked command in '/home/shreyas/ros2_ws/build/my_robot_description' returned '0': CMAKE_PREFIX_PATH=${CMAKE_PREFIX_PATH}:/opt/ros/humble /usr/bin/cmake --install /home/shreyas/ros2_ws/build/my_robot_description
