[0.336s] DEBUG:colcon:Command line arguments: ['/usr/bin/colcon', 'build', '--symlink-install']
[0.336s] DEBUG:colcon:Parsed command line arguments: Namespace(log_base=None, log_level=None, verb_name='build', build_base='build', install_base='install', merge_install=False, symlink_install=True, test_result_base=None, continue_on_error=False, executor='parallel', parallel_workers=8, event_handlers=None, ignore_user_meta=False, metas=['./colcon.meta'], base_paths=['.'], packages_ignore=None, packages_ignore_regex=None, paths=None, packages_up_to=None, packages_up_to_regex=None, packages_above=None, packages_above_and_dependencies=None, packages_above_depth=None, packages_select_by_dep=None, packages_skip_by_dep=None, packages_skip_up_to=None, packages_select_build_failed=False, packages_skip_build_finished=False, packages_select_test_failures=False, packages_skip_test_passed=False, packages_select=None, packages_skip=None, packages_select_regex=None, packages_skip_regex=None, packages_start=None, packages_end=None, allow_overriding=[], bazel_args=None, bazel_task=None, cmake_args=None, cmake_target=None, cmake_target_skip_unavailable=False, cmake_clean_cache=False, cmake_clean_first=False, cmake_force_configure=False, meson_args=[], ament_cmake_args=None, catkin_cmake_args=None, catkin_skip_building_tests=False, mixin_files=None, mixin=None, verb_parser=<colcon_alias.argument_parser.alias.AliasArgumentDecorator object at 0x7c3aa75e0640>, verb_extension=<colcon_core.verb.build.BuildVerb object at 0x7c3aa77a37f0>, main=<bound method BuildVerb.main of <colcon_core.verb.build.BuildVerb object at 0x7c3aa77a37f0>>, mixin_verb=('build',))
[0.558s] Level 1:colcon.colcon_core.package_discovery:discover_packages(colcon_meta) check parameters
[0.558s] Level 1:colcon.colcon_core.package_discovery:discover_packages(recursive) check parameters
[0.558s] Level 1:colcon.colcon_core.package_discovery:discover_packages(ignore) check parameters
[0.558s] Level 1:colcon.colcon_core.package_discovery:discover_packages(path) check parameters
[0.558s] Level 1:colcon.colcon_core.package_discovery:discover_packages(colcon_meta) discover
[0.558s] Level 1:colcon.colcon_core.package_discovery:discover_packages(recursive) discover
[0.559s] INFO:colcon.colcon_core.package_discovery:Crawling recursively for packages in '/home/shreyas/ros2_ws'
[0.559s] Level 1:colcon.colcon_core.package_identification:_identify(.) by extensions ['ignore', 'ignore_ament_install']
[0.559s] Level 1:colcon.colcon_core.package_identification:_identify(.) by extension 'ignore'
[0.559s] Level 1:colcon.colcon_core.package_identification:_identify(.) by extension 'ignore_ament_install'
[0.559s] Level 1:colcon.colcon_core.package_identification:_identify(.) by extensions ['colcon_pkg']
[0.559s] Level 1:colcon.colcon_core.package_identification:_identify(.) by extension 'colcon_pkg'
[0.559s] Level 1:colcon.colcon_core.package_identification:_identify(.) by extensions ['colcon_meta']
[0.559s] Level 1:colcon.colcon_core.package_identification:_identify(.) by extension 'colcon_meta'
[0.559s] Level 1:colcon.colcon_core.package_identification:_identify(.) by extensions ['ros']
[0.559s] Level 1:colcon.colcon_core.package_identification:_identify(.) by extension 'ros'
[0.562s] Level 1:colcon.colcon_core.package_identification:_identify(.) by extensions ['bazel', 'cmake', 'meson', 'python']
[0.562s] Level 1:colcon.colcon_core.package_identification:_identify(.) by extension 'bazel'
[0.562s] Level 1:colcon.colcon_core.package_identification:_identify(.) by extension 'cmake'
[0.562s] Level 1:colcon.colcon_core.package_identification:_identify(.) by extension 'meson'
[0.562s] Level 1:colcon.colcon_core.package_identification:_identify(.) by extension 'python'
[0.562s] Level 1:colcon.colcon_core.package_identification:_identify(.) by extensions ['python_setup_py']
[0.562s] Level 1:colcon.colcon_core.package_identification:_identify(.) by extension 'python_setup_py'
[0.563s] Level 1:colcon.colcon_core.package_identification:_identify(build) by extensions ['ignore', 'ignore_ament_install']
[0.563s] Level 1:colcon.colcon_core.package_identification:_identify(build) by extension 'ignore'
[0.563s] Level 1:colcon.colcon_core.package_identification:_identify(build) ignored
[0.563s] Level 1:colcon.colcon_core.package_identification:_identify(install) by extensions ['ignore', 'ignore_ament_install']
[0.563s] Level 1:colcon.colcon_core.package_identification:_identify(install) by extension 'ignore'
[0.563s] Level 1:colcon.colcon_core.package_identification:_identify(install) ignored
[0.563s] Level 1:colcon.colcon_core.package_identification:_identify(log) by extensions ['ignore', 'ignore_ament_install']
[0.563s] Level 1:colcon.colcon_core.package_identification:_identify(log) by extension 'ignore'
[0.563s] Level 1:colcon.colcon_core.package_identification:_identify(log) ignored
[0.563s] Level 1:colcon.colcon_core.package_identification:_identify(src) by extensions ['ignore', 'ignore_ament_install']
[0.564s] Level 1:colcon.colcon_core.package_identification:_identify(src) by extension 'ignore'
[0.564s] Level 1:colcon.colcon_core.package_identification:_identify(src) by extension 'ignore_ament_install'
[0.564s] Level 1:colcon.colcon_core.package_identification:_identify(src) by extensions ['colcon_pkg']
[0.564s] Level 1:colcon.colcon_core.package_identification:_identify(src) by extension 'colcon_pkg'
[0.564s] Level 1:colcon.colcon_core.package_identification:_identify(src) by extensions ['colcon_meta']
[0.564s] Level 1:colcon.colcon_core.package_identification:_identify(src) by extension 'colcon_meta'
[0.564s] Level 1:colcon.colcon_core.package_identification:_identify(src) by extensions ['ros']
[0.564s] Level 1:colcon.colcon_core.package_identification:_identify(src) by extension 'ros'
[0.564s] Level 1:colcon.colcon_core.package_identification:_identify(src) by extensions ['bazel', 'cmake', 'meson', 'python']
[0.564s] Level 1:colcon.colcon_core.package_identification:_identify(src) by extension 'bazel'
[0.564s] Level 1:colcon.colcon_core.package_identification:_identify(src) by extension 'cmake'
[0.564s] Level 1:colcon.colcon_core.package_identification:_identify(src) by extension 'meson'
[0.564s] Level 1:colcon.colcon_core.package_identification:_identify(src) by extension 'python'
[0.564s] Level 1:colcon.colcon_core.package_identification:_identify(src) by extensions ['python_setup_py']
[0.564s] Level 1:colcon.colcon_core.package_identification:_identify(src) by extension 'python_setup_py'
[0.564s] Level 1:colcon.colcon_core.package_identification:_identify(src/my_robot_description) by extensions ['ignore', 'ignore_ament_install']
[0.565s] Level 1:colcon.colcon_core.package_identification:_identify(src/my_robot_description) by extension 'ignore'
[0.565s] Level 1:colcon.colcon_core.package_identification:_identify(src/my_robot_description) by extension 'ignore_ament_install'
[0.565s] Level 1:colcon.colcon_core.package_identification:_identify(src/my_robot_description) by extensions ['colcon_pkg']
[0.565s] Level 1:colcon.colcon_core.package_identification:_identify(src/my_robot_description) by extension 'colcon_pkg'
[0.565s] Level 1:colcon.colcon_core.package_identification:_identify(src/my_robot_description) by extensions ['colcon_meta']
[0.565s] Level 1:colcon.colcon_core.package_identification:_identify(src/my_robot_description) by extension 'colcon_meta'
[0.565s] Level 1:colcon.colcon_core.package_identification:_identify(src/my_robot_description) by extensions ['ros']
[0.565s] Level 1:colcon.colcon_core.package_identification:_identify(src/my_robot_description) by extension 'ros'
[0.567s] DEBUG:colcon.colcon_core.package_identification:Package 'src/my_robot_description' with type 'ros.ament_cmake' and name 'my_robot_description'
[0.567s] Level 1:colcon.colcon_core.package_discovery:discover_packages(recursive) using defaults
[0.568s] Level 1:colcon.colcon_core.package_discovery:discover_packages(ignore) discover
[0.568s] Level 1:colcon.colcon_core.package_discovery:discover_packages(ignore) using defaults
[0.568s] Level 1:colcon.colcon_core.package_discovery:discover_packages(path) discover
[0.568s] Level 1:colcon.colcon_core.package_discovery:discover_packages(path) using defaults
[0.586s] Level 1:colcon.colcon_core.package_discovery:discover_packages(prefix_path) check parameters
[0.586s] Level 1:colcon.colcon_core.package_discovery:discover_packages(prefix_path) discover
[0.590s] DEBUG:colcon.colcon_installed_package_information.package_discovery:Found 371 installed packages in /opt/ros/humble
[0.592s] Level 1:colcon.colcon_core.package_discovery:discover_packages(prefix_path) using defaults
[0.658s] Level 5:colcon.colcon_core.verb:set package 'my_robot_description' build argument 'bazel_args' from command line to 'None'
[0.658s] Level 5:colcon.colcon_core.verb:set package 'my_robot_description' build argument 'bazel_task' from command line to 'None'
[0.658s] Level 5:colcon.colcon_core.verb:set package 'my_robot_description' build argument 'cmake_args' from command line to 'None'
[0.658s] Level 5:colcon.colcon_core.verb:set package 'my_robot_description' build argument 'cmake_target' from command line to 'None'
[0.658s] Level 5:colcon.colcon_core.verb:set package 'my_robot_description' build argument 'cmake_target_skip_unavailable' from command line to 'False'
[0.658s] Level 5:colcon.colcon_core.verb:set package 'my_robot_description' build argument 'cmake_clean_cache' from command line to 'False'
[0.658s] Level 5:colcon.colcon_core.verb:set package 'my_robot_description' build argument 'cmake_clean_first' from command line to 'False'
[0.658s] Level 5:colcon.colcon_core.verb:set package 'my_robot_description' build argument 'cmake_force_configure' from command line to 'False'
[0.658s] Level 5:colcon.colcon_core.verb:set package 'my_robot_description' build argument 'meson_args' from command line to '[]'
[0.658s] Level 5:colcon.colcon_core.verb:set package 'my_robot_description' build argument 'ament_cmake_args' from command line to 'None'
[0.658s] Level 5:colcon.colcon_core.verb:set package 'my_robot_description' build argument 'catkin_cmake_args' from command line to 'None'
[0.658s] Level 5:colcon.colcon_core.verb:set package 'my_robot_description' build argument 'catkin_skip_building_tests' from command line to 'False'
[0.658s] DEBUG:colcon.colcon_core.verb:Building package 'my_robot_description' with the following arguments: {'ament_cmake_args': None, 'bazel_args': None, 'bazel_task': None, 'build_base': '/home/shreyas/ros2_ws/build/my_robot_description', 'catkin_cmake_args': None, 'catkin_skip_building_tests': False, 'cmake_args': None, 'cmake_clean_cache': False, 'cmake_clean_first': False, 'cmake_force_configure': False, 'cmake_target': None, 'cmake_target_skip_unavailable': False, 'install_base': '/home/shreyas/ros2_ws/install/my_robot_description', 'merge_install': False, 'meson_args': [], 'path': '/home/shreyas/ros2_ws/src/my_robot_description', 'symlink_install': True, 'test_result_base': None}
[0.659s] INFO:colcon.colcon_core.executor:Executing jobs using 'parallel' executor
[0.660s] DEBUG:colcon.colcon_parallel_executor.executor.parallel:run_until_complete
[0.660s] INFO:colcon.colcon_ros.task.ament_cmake.build:Building ROS package in '/home/shreyas/ros2_ws/src/my_robot_description' with build type 'ament_cmake'
[0.660s] INFO:colcon.colcon_cmake.task.cmake.build:Building CMake package in '/home/shreyas/ros2_ws/src/my_robot_description'
[0.664s] INFO:colcon.colcon_core.plugin_system:Skipping extension 'colcon_core.shell.bat': Not used on non-Windows systems
[0.664s] DEBUG:colcon.colcon_ros_domain_id_coordinator.shell.ros_domain_id:Allocated ROS_DOMAIN_ID=18 for '/home/shreyas/ros2_ws/build/my_robot_description'
[0.664s] INFO:colcon.colcon_core.shell:Skip shell extension 'ros_domain_id' for command environment: 
[0.664s] INFO:colcon.colcon_core.shell:Skip shell extension 'powershell' for command environment: Not usable outside of PowerShell
[0.664s] DEBUG:colcon.colcon_core.shell:Skip shell extension 'dsv' for command environment
[0.672s] DEBUG:colcon.colcon_core.event_handler.log_command:Invoking command in '/home/shreyas/ros2_ws/build/my_robot_description': CMAKE_PREFIX_PATH=/opt/ros/humble /usr/bin/cmake /home/shreyas/ros2_ws/src/my_robot_description -DAMENT_CMAKE_SYMLINK_INSTALL=1 -DCMAKE_INSTALL_PREFIX=/home/shreyas/ros2_ws/install/my_robot_description
[0.950s] DEBUG:colcon.colcon_core.event_handler.log_command:Invoked command in '/home/shreyas/ros2_ws/build/my_robot_description' returned '0': CMAKE_PREFIX_PATH=/opt/ros/humble /usr/bin/cmake /home/shreyas/ros2_ws/src/my_robot_description -DAMENT_CMAKE_SYMLINK_INSTALL=1 -DCMAKE_INSTALL_PREFIX=/home/shreyas/ros2_ws/install/my_robot_description
[0.952s] DEBUG:colcon.colcon_core.event_handler.log_command:Invoking command in '/home/shreyas/ros2_ws/build/my_robot_description': CMAKE_PREFIX_PATH=/opt/ros/humble /usr/bin/cmake --build /home/shreyas/ros2_ws/build/my_robot_description -- -j8 -l8
[0.992s] DEBUG:colcon.colcon_core.event_handler.log_command:Invoked command in '/home/shreyas/ros2_ws/build/my_robot_description' returned '0': CMAKE_PREFIX_PATH=/opt/ros/humble /usr/bin/cmake --build /home/shreyas/ros2_ws/build/my_robot_description -- -j8 -l8
[1.004s] DEBUG:colcon.colcon_core.event_handler.log_command:Invoking command in '/home/shreyas/ros2_ws/build/my_robot_description': CMAKE_PREFIX_PATH=/opt/ros/humble /usr/bin/cmake --install /home/shreyas/ros2_ws/build/my_robot_description
[1.048s] Level 1:colcon.colcon_core.environment:create_environment_scripts_only(my_robot_description)
[1.048s] DEBUG:colcon.colcon_core.event_handler.log_command:Invoked command in '/home/shreyas/ros2_ws/build/my_robot_description' returned '0': CMAKE_PREFIX_PATH=/opt/ros/humble /usr/bin/cmake --install /home/shreyas/ros2_ws/build/my_robot_description
[1.052s] Level 1:colcon.colcon_core.environment:checking '/home/shreyas/ros2_ws/install/my_robot_description' for CMake module files
[1.052s] Level 1:colcon.colcon_core.environment:checking '/home/shreyas/ros2_ws/install/my_robot_description' for CMake config files
[1.053s] Level 1:colcon.colcon_core.shell:create_environment_hook('my_robot_description', 'cmake_prefix_path')
[1.053s] INFO:colcon.colcon_core.shell:Creating environment hook '/home/shreyas/ros2_ws/install/my_robot_description/share/my_robot_description/hook/cmake_prefix_path.ps1'
[1.054s] INFO:colcon.colcon_core.shell:Creating environment descriptor '/home/shreyas/ros2_ws/install/my_robot_description/share/my_robot_description/hook/cmake_prefix_path.dsv'
[1.055s] INFO:colcon.colcon_core.shell:Creating environment hook '/home/shreyas/ros2_ws/install/my_robot_description/share/my_robot_description/hook/cmake_prefix_path.sh'
[1.056s] Level 1:colcon.colcon_core.environment:checking '/home/shreyas/ros2_ws/install/my_robot_description/bin'
[1.056s] Level 1:colcon.colcon_core.environment:checking '/home/shreyas/ros2_ws/install/my_robot_description/lib/pkgconfig/my_robot_description.pc'
[1.057s] Level 1:colcon.colcon_core.environment:checking '/home/shreyas/ros2_ws/install/my_robot_description/lib/python3.10/site-packages'
[1.057s] Level 1:colcon.colcon_core.environment:checking '/home/shreyas/ros2_ws/install/my_robot_description/bin'
[1.057s] INFO:colcon.colcon_core.shell:Creating package script '/home/shreyas/ros2_ws/install/my_robot_description/share/my_robot_description/package.ps1'
[1.058s] INFO:colcon.colcon_core.shell:Creating package descriptor '/home/shreyas/ros2_ws/install/my_robot_description/share/my_robot_description/package.dsv'
[1.059s] INFO:colcon.colcon_core.shell:Creating package script '/home/shreyas/ros2_ws/install/my_robot_description/share/my_robot_description/package.sh'
[1.060s] INFO:colcon.colcon_core.shell:Creating package script '/home/shreyas/ros2_ws/install/my_robot_description/share/my_robot_description/package.bash'
[1.061s] INFO:colcon.colcon_core.shell:Creating package script '/home/shreyas/ros2_ws/install/my_robot_description/share/my_robot_description/package.zsh'
[1.063s] Level 1:colcon.colcon_core.environment:create_file_with_runtime_dependencies(/home/shreyas/ros2_ws/install/my_robot_description/share/colcon-core/packages/my_robot_description)
[1.064s] Level 1:colcon.colcon_core.environment:create_environment_scripts_only(my_robot_description)
[1.064s] Level 1:colcon.colcon_core.environment:checking '/home/shreyas/ros2_ws/install/my_robot_description' for CMake module files
[1.065s] Level 1:colcon.colcon_core.environment:checking '/home/shreyas/ros2_ws/install/my_robot_description' for CMake config files
[1.065s] Level 1:colcon.colcon_core.shell:create_environment_hook('my_robot_description', 'cmake_prefix_path')
[1.066s] INFO:colcon.colcon_core.shell:Creating environment hook '/home/shreyas/ros2_ws/install/my_robot_description/share/my_robot_description/hook/cmake_prefix_path.ps1'
[1.066s] INFO:colcon.colcon_core.shell:Creating environment descriptor '/home/shreyas/ros2_ws/install/my_robot_description/share/my_robot_description/hook/cmake_prefix_path.dsv'
[1.066s] INFO:colcon.colcon_core.shell:Creating environment hook '/home/shreyas/ros2_ws/install/my_robot_description/share/my_robot_description/hook/cmake_prefix_path.sh'
[1.067s] Level 1:colcon.colcon_core.environment:checking '/home/shreyas/ros2_ws/install/my_robot_description/bin'
[1.067s] Level 1:colcon.colcon_core.environment:checking '/home/shreyas/ros2_ws/install/my_robot_description/lib/pkgconfig/my_robot_description.pc'
[1.067s] Level 1:colcon.colcon_core.environment:checking '/home/shreyas/ros2_ws/install/my_robot_description/lib/python3.10/site-packages'
[1.068s] Level 1:colcon.colcon_core.environment:checking '/home/shreyas/ros2_ws/install/my_robot_description/bin'
[1.068s] INFO:colcon.colcon_core.shell:Creating package script '/home/shreyas/ros2_ws/install/my_robot_description/share/my_robot_description/package.ps1'
[1.069s] INFO:colcon.colcon_core.shell:Creating package descriptor '/home/shreyas/ros2_ws/install/my_robot_description/share/my_robot_description/package.dsv'
[1.069s] INFO:colcon.colcon_core.shell:Creating package script '/home/shreyas/ros2_ws/install/my_robot_description/share/my_robot_description/package.sh'
[1.070s] INFO:colcon.colcon_core.shell:Creating package script '/home/shreyas/ros2_ws/install/my_robot_description/share/my_robot_description/package.bash'
[1.070s] INFO:colcon.colcon_core.shell:Creating package script '/home/shreyas/ros2_ws/install/my_robot_description/share/my_robot_description/package.zsh'
[1.071s] Level 1:colcon.colcon_core.environment:create_file_with_runtime_dependencies(/home/shreyas/ros2_ws/install/my_robot_description/share/colcon-core/packages/my_robot_description)
[1.071s] DEBUG:colcon.colcon_parallel_executor.executor.parallel:closing loop
[1.071s] DEBUG:colcon.colcon_parallel_executor.executor.parallel:loop closed
[1.071s] DEBUG:colcon.colcon_ros_domain_id_coordinator.shell.ros_domain_id:Released ROS_DOMAIN_ID=18 for '/home/shreyas/ros2_ws/build/my_robot_description'
[1.071s] DEBUG:colcon.colcon_parallel_executor.executor.parallel:run_until_complete finished with '0'
[1.072s] DEBUG:colcon.colcon_core.event_reactor:joining thread
[1.078s] INFO:colcon.colcon_core.plugin_system:Skipping extension 'colcon_notification.desktop_notification.terminal_notifier': Not used on non-Darwin systems
[1.078s] INFO:colcon.colcon_core.plugin_system:Skipping extension 'colcon_notification.desktop_notification.win32': Not used on non-Windows systems
[1.078s] INFO:colcon.colcon_notification.desktop_notification:Sending desktop notification using 'notify2'
[1.099s] DEBUG:colcon.colcon_core.event_reactor:joined thread
[1.100s] INFO:colcon.colcon_core.shell:Creating prefix script '/home/shreyas/ros2_ws/install/local_setup.ps1'
[1.101s] INFO:colcon.colcon_core.shell:Creating prefix util module '/home/shreyas/ros2_ws/install/_local_setup_util_ps1.py'
[1.103s] INFO:colcon.colcon_core.shell:Creating prefix chain script '/home/shreyas/ros2_ws/install/setup.ps1'
[1.105s] INFO:colcon.colcon_core.shell:Creating prefix script '/home/shreyas/ros2_ws/install/local_setup.sh'
[1.106s] INFO:colcon.colcon_core.shell:Creating prefix util module '/home/shreyas/ros2_ws/install/_local_setup_util_sh.py'
[1.107s] INFO:colcon.colcon_core.shell:Creating prefix chain script '/home/shreyas/ros2_ws/install/setup.sh'
[1.109s] INFO:colcon.colcon_core.shell:Creating prefix script '/home/shreyas/ros2_ws/install/local_setup.bash'
[1.110s] INFO:colcon.colcon_core.shell:Creating prefix chain script '/home/shreyas/ros2_ws/install/setup.bash'
[1.111s] INFO:colcon.colcon_core.shell:Creating prefix script '/home/shreyas/ros2_ws/install/local_setup.zsh'
[1.112s] INFO:colcon.colcon_core.shell:Creating prefix chain script '/home/shreyas/ros2_ws/install/setup.zsh'
[1.113s] INFO:colcon.colcon_core.shell:Creating '/home/shreyas/ros2_ws/install/spawn_shell.bash'
